<?xml version="1.0" encoding="UTF-8"?>
<!-- Generated by org.testng.reporters.JUnitXMLReporter -->
<testsuite ignored="0" hostname="DESKTOP-FP3M7NI" failures="1" tests="1" name="Test(failed)" time="15.141" errors="0" timestamp="2025-03-21T11:16:59 GMT-07:00">
  <testcase classname="testCases.TC002_LoginTest" name="verify_UserLogin" time="6.482">
    <failure type="java.lang.AssertionError" message="expected [true] but found [false]">
      <![CDATA[java.lang.AssertionError: expected [true] but found [false]
at testCases.TC002_LoginTest.verify_UserLogin(TC002_LoginTest.java:35)
at java.base/java.util.ArrayList.forEach(ArrayList.java:1597)
... Removed 29 stack frames]]>
    </failure>
  </testcase> <!-- verify_UserLogin -->
</testsuite> <!-- Test(failed) -->
