<?xml version="1.0" encoding="UTF-8"?>
<!-- Generated by org.testng.reporters.JUnitXMLReporter -->
<testsuite ignored="0" hostname="DESKTOP-FP3M7NI" failures="0" tests="5" name="Test" time="35.919" errors="0" timestamp="2025-03-19T15:59:35 GMT-07:00">
  <testcase classname="testCases.TC003_LoginDDT" name="LoginTest" time="3.485"/>
  <testcase classname="testCases.TC003_LoginDDT" name="LoginTest" time="5.085"/>
  <testcase classname="testCases.TC003_LoginDDT" name="LoginTest" time="5.529"/>
  <testcase classname="testCases.TC003_LoginDDT" name="LoginTest" time="2.388"/>
  <testcase classname="testCases.TC003_LoginDDT" name="LoginTest" time="4.905"/>
</testsuite> <!-- Test -->
