<?xml version="1.0" encoding="UTF-8"?>
<!-- Generated by org.testng.reporters.JUnitXMLReporter -->
<testsuite ignored="0" hostname="DESKTOP-FP3M7NI" failures="0" tests="5" name="Test" time="45.96" errors="0" timestamp="2025-03-31T06:06:41 GMT-09:00">
  <testcase classname="testCases.TC003_LoginDDT" name="LoginTest" time="5.645"/>
  <testcase classname="testCases.TC003_LoginDDT" name="LoginTest" time="7.593"/>
  <testcase classname="testCases.TC003_LoginDDT" name="LoginTest" time="5.653"/>
  <testcase classname="testCases.TC003_LoginDDT" name="LoginTest" time="4.451"/>
  <testcase classname="testCases.TC003_LoginDDT" name="LoginTest" time="6.289"/>
</testsuite> <!-- Test -->
