<?xml version="1.0" encoding="UTF-8"?>
<testng-results ignored="0" total="5" passed="5" failed="0" skipped="0">
  <reporter-output>
  </reporter-output>
  <suite started-at="2025-03-31T06:05:53 GMT-09:00" name="Suite" finished-at="2025-03-31T06:06:38 GMT-09:00" duration-ms="45960">
    <groups>
    </groups>
    <test started-at="2025-03-31T06:05:53 GMT-09:00" name="Test" finished-at="2025-03-31T06:06:38 GMT-09:00" duration-ms="45960">
      <class name="testCases.TC003_LoginDDT">
        <test-method is-config="true" signature="setUp(java.lang.String,java.lang.String)[pri:0, instance:testCases.TC003_LoginDDT@327514f]" started-at="2025-03-31T06:05:53 GMT-09:00" name="setUp" finished-at="2025-03-31T06:06:03 GMT-09:00" duration-ms="9187" status="PASS">
          <params>
            <param index="0">
              <value>
                <![CDATA[windows]]>
              </value>
            </param>
            <param index="1">
              <value>
                <![CDATA[chrome]]>
              </value>
            </param>
          </params>
          <reporter-output>
          </reporter-output>
        </test-method> <!-- setUp -->
        <test-method signature="LoginTest(java.lang.String,java.lang.String,java.lang.String)[pri:0, instance:testCases.TC003_LoginDDT@327514f]" started-at="2025-03-31T06:06:08 GMT-09:00" name="LoginTest" data-provider="loginData" finished-at="2025-03-31T06:06:14 GMT-09:00" duration-ms="5645" status="PASS">
          <params>
            <param index="0">
              <value>
                <![CDATA[srikarthika.t@gmail.com]]>
              </value>
            </param>
            <param index="1">
              <value>
                <![CDATA[123456]]>
              </value>
            </param>
            <param index="2">
              <value>
                <![CDATA[valid]]>
              </value>
            </param>
          </params>
          <reporter-output>
          </reporter-output>
        </test-method> <!-- LoginTest -->
        <test-method signature="LoginTest(java.lang.String,java.lang.String,java.lang.String)[pri:0, instance:testCases.TC003_LoginDDT@327514f]" started-at="2025-03-31T06:06:14 GMT-09:00" name="LoginTest" data-provider="loginData" finished-at="2025-03-31T06:06:22 GMT-09:00" duration-ms="7593" status="PASS">
          <params>
            <param index="0">
              <value>
                <![CDATA[srikarthika@gmail.com]]>
              </value>
            </param>
            <param index="1">
              <value>
                <![CDATA[123456]]>
              </value>
            </param>
            <param index="2">
              <value>
                <![CDATA[invalid]]>
              </value>
            </param>
          </params>
          <reporter-output>
          </reporter-output>
        </test-method> <!-- LoginTest -->
        <test-method signature="LoginTest(java.lang.String,java.lang.String,java.lang.String)[pri:0, instance:testCases.TC003_LoginDDT@327514f]" started-at="2025-03-31T06:06:22 GMT-09:00" name="LoginTest" data-provider="loginData" finished-at="2025-03-31T06:06:27 GMT-09:00" duration-ms="5653" status="PASS">
          <params>
            <param index="0">
              <value>
                <![CDATA[srikarthika.t@gmail.com]]>
              </value>
            </param>
            <param index="1">
              <value>
                <![CDATA[11111]]>
              </value>
            </param>
            <param index="2">
              <value>
                <![CDATA[invalid]]>
              </value>
            </param>
          </params>
          <reporter-output>
          </reporter-output>
        </test-method> <!-- LoginTest -->
        <test-method signature="LoginTest(java.lang.String,java.lang.String,java.lang.String)[pri:0, instance:testCases.TC003_LoginDDT@327514f]" started-at="2025-03-31T06:06:27 GMT-09:00" name="LoginTest" data-provider="loginData" finished-at="2025-03-31T06:06:32 GMT-09:00" duration-ms="4451" status="PASS">
          <params>
            <param index="0">
              <value>
                <![CDATA[karthingm92@gmail.com]]>
              </value>
            </param>
            <param index="1">
              <value>
                <![CDATA[1111]]>
              </value>
            </param>
            <param index="2">
              <value>
                <![CDATA[valid]]>
              </value>
            </param>
          </params>
          <reporter-output>
          </reporter-output>
        </test-method> <!-- LoginTest -->
        <test-method signature="LoginTest(java.lang.String,java.lang.String,java.lang.String)[pri:0, instance:testCases.TC003_LoginDDT@327514f]" started-at="2025-03-31T06:06:32 GMT-09:00" name="LoginTest" data-provider="loginData" finished-at="2025-03-31T06:06:38 GMT-09:00" duration-ms="6289" status="PASS">
          <params>
            <param index="0">
              <value>
                <![CDATA[]]>
              </value>
            </param>
            <param index="1">
              <value>
                <![CDATA[]]>
              </value>
            </param>
            <param index="2">
              <value>
                <![CDATA[invalid]]>
              </value>
            </param>
          </params>
          <reporter-output>
          </reporter-output>
        </test-method> <!-- LoginTest -->
        <test-method is-config="true" signature="tearDown()[pri:0, instance:testCases.TC003_LoginDDT@327514f]" started-at="2025-03-31T06:06:38 GMT-09:00" name="tearDown" finished-at="2025-03-31T06:06:38 GMT-09:00" duration-ms="511" status="PASS">
          <reporter-output>
          </reporter-output>
        </test-method> <!-- tearDown -->
      </class> <!-- testCases.TC003_LoginDDT -->
    </test> <!-- Test -->
  </suite> <!-- Suite -->
</testng-results>
