<?xml version="1.0" encoding="UTF-8"?>
<testng-results ignored="0" total="4" passed="4" failed="0" skipped="0">
  <reporter-output>
  </reporter-output>
  <suite started-at="2025-03-29T06:02:27 GMT-09:00" name="Suite" finished-at="2025-03-29T06:04:40 GMT-09:00" duration-ms="132674">
    <groups>
      <group name="regression">
        <method signature="TC001_AccountRegistrationTest.verify_account_registration()[pri:0, instance:testCases.TC001_AccountRegistrationTest@424e1977]" name="verify_account_registration" class="testCases.TC001_AccountRegistrationTest"/>
        <method signature="TC001_AccountRegistrationTest.verify_account_registration()[pri:0, instance:testCases.TC001_AccountRegistrationTest@55f616cf]" name="verify_account_registration" class="testCases.TC001_AccountRegistrationTest"/>
      </group> <!-- regression -->
      <group name="sanity">
        <method signature="TC001_AccountRegistrationTest.verify_account_registration()[pri:0, instance:testCases.TC001_AccountRegistrationTest@424e1977]" name="verify_account_registration" class="testCases.TC001_AccountRegistrationTest"/>
        <method signature="TC002_LoginTest.verify_UserLogin()[pri:0, instance:testCases.TC002_LoginTest@63070bab]" name="verify_UserLogin" class="testCases.TC002_LoginTest"/>
        <method signature="TC001_AccountRegistrationTest.verify_account_registration()[pri:0, instance:testCases.TC001_AccountRegistrationTest@55f616cf]" name="verify_account_registration" class="testCases.TC001_AccountRegistrationTest"/>
        <method signature="TC002_LoginTest.verify_UserLogin()[pri:0, instance:testCases.TC002_LoginTest@609db43b]" name="verify_UserLogin" class="testCases.TC002_LoginTest"/>
      </group> <!-- sanity -->
      <group name="master">
        <method signature="TC001_AccountRegistrationTest.verify_account_registration()[pri:0, instance:testCases.TC001_AccountRegistrationTest@424e1977]" name="verify_account_registration" class="testCases.TC001_AccountRegistrationTest"/>
        <method signature="TC002_LoginTest.verify_UserLogin()[pri:0, instance:testCases.TC002_LoginTest@63070bab]" name="verify_UserLogin" class="testCases.TC002_LoginTest"/>
        <method signature="TC001_AccountRegistrationTest.verify_account_registration()[pri:0, instance:testCases.TC001_AccountRegistrationTest@55f616cf]" name="verify_account_registration" class="testCases.TC001_AccountRegistrationTest"/>
        <method signature="TC002_LoginTest.verify_UserLogin()[pri:0, instance:testCases.TC002_LoginTest@609db43b]" name="verify_UserLogin" class="testCases.TC002_LoginTest"/>
      </group> <!-- master -->
    </groups>
    <test started-at="2025-03-29T06:02:27 GMT-09:00" name="chromeTest" finished-at="2025-03-29T06:03:12 GMT-09:00" duration-ms="44370">
      <class name="testCases.TC002_LoginTest">
        <test-method is-config="true" signature="setUp(java.lang.String,java.lang.String)[pri:0, instance:testCases.TC002_LoginTest@63070bab]" started-at="2025-03-29T06:02:29 GMT-09:00" name="setUp" finished-at="2025-03-29T06:02:45 GMT-09:00" duration-ms="16463" status="PASS">
          <params>
            <param index="0">
              <value>
                <![CDATA[linux]]>
              </value>
            </param>
            <param index="1">
              <value>
                <![CDATA[chrome]]>
              </value>
            </param>
          </params>
          <reporter-output>
          </reporter-output>
        </test-method> <!-- setUp -->
        <test-method signature="verify_UserLogin()[pri:0, instance:testCases.TC002_LoginTest@63070bab]" started-at="2025-03-29T06:02:46 GMT-09:00" name="verify_UserLogin" finished-at="2025-03-29T06:02:52 GMT-09:00" duration-ms="6866" status="PASS">
          <reporter-output>
          </reporter-output>
        </test-method> <!-- verify_UserLogin -->
        <test-method is-config="true" signature="tearDown()[pri:0, instance:testCases.TC002_LoginTest@63070bab]" started-at="2025-03-29T06:02:52 GMT-09:00" name="tearDown" finished-at="2025-03-29T06:02:53 GMT-09:00" duration-ms="422" status="PASS">
          <reporter-output>
          </reporter-output>
        </test-method> <!-- tearDown -->
      </class> <!-- testCases.TC002_LoginTest -->
      <class name="testCases.TC001_AccountRegistrationTest">
        <test-method is-config="true" signature="setUp(java.lang.String,java.lang.String)[pri:0, instance:testCases.TC001_AccountRegistrationTest@424e1977]" started-at="2025-03-29T06:02:53 GMT-09:00" name="setUp" finished-at="2025-03-29T06:03:01 GMT-09:00" duration-ms="8237" status="PASS">
          <params>
            <param index="0">
              <value>
                <![CDATA[linux]]>
              </value>
            </param>
            <param index="1">
              <value>
                <![CDATA[chrome]]>
              </value>
            </param>
          </params>
          <reporter-output>
          </reporter-output>
        </test-method> <!-- setUp -->
        <test-method signature="verify_account_registration()[pri:0, instance:testCases.TC001_AccountRegistrationTest@424e1977]" started-at="2025-03-29T06:03:01 GMT-09:00" name="verify_account_registration" finished-at="2025-03-29T06:03:11 GMT-09:00" duration-ms="10018" status="PASS">
          <reporter-output>
          </reporter-output>
        </test-method> <!-- verify_account_registration -->
        <test-method is-config="true" signature="tearDown()[pri:0, instance:testCases.TC001_AccountRegistrationTest@424e1977]" started-at="2025-03-29T06:03:11 GMT-09:00" name="tearDown" finished-at="2025-03-29T06:03:12 GMT-09:00" duration-ms="361" status="PASS">
          <reporter-output>
          </reporter-output>
        </test-method> <!-- tearDown -->
      </class> <!-- testCases.TC001_AccountRegistrationTest -->
    </test> <!-- chromeTest -->
    <test started-at="2025-03-29T06:03:15 GMT-09:00" name="firefoxTest" finished-at="2025-03-29T06:04:40 GMT-09:00" duration-ms="85011">
      <class name="testCases.TC002_LoginTest">
        <test-method is-config="true" signature="setUp(java.lang.String,java.lang.String)[pri:0, instance:testCases.TC002_LoginTest@609db43b]" started-at="2025-03-29T06:03:15 GMT-09:00" name="setUp" finished-at="2025-03-29T06:03:46 GMT-09:00" duration-ms="30676" status="PASS">
          <params>
            <param index="0">
              <value>
                <![CDATA[linux]]>
              </value>
            </param>
            <param index="1">
              <value>
                <![CDATA[firefox]]>
              </value>
            </param>
          </params>
          <reporter-output>
          </reporter-output>
        </test-method> <!-- setUp -->
        <test-method signature="verify_UserLogin()[pri:0, instance:testCases.TC002_LoginTest@609db43b]" started-at="2025-03-29T06:03:46 GMT-09:00" name="verify_UserLogin" finished-at="2025-03-29T06:03:52 GMT-09:00" duration-ms="6881" status="PASS">
          <reporter-output>
          </reporter-output>
        </test-method> <!-- verify_UserLogin -->
        <test-method is-config="true" signature="tearDown()[pri:0, instance:testCases.TC002_LoginTest@609db43b]" started-at="2025-03-29T06:03:52 GMT-09:00" name="tearDown" finished-at="2025-03-29T06:04:01 GMT-09:00" duration-ms="8173" status="PASS">
          <reporter-output>
          </reporter-output>
        </test-method> <!-- tearDown -->
      </class> <!-- testCases.TC002_LoginTest -->
      <class name="testCases.TC001_AccountRegistrationTest">
        <test-method is-config="true" signature="setUp(java.lang.String,java.lang.String)[pri:0, instance:testCases.TC001_AccountRegistrationTest@55f616cf]" started-at="2025-03-29T06:04:01 GMT-09:00" name="setUp" finished-at="2025-03-29T06:04:26 GMT-09:00" duration-ms="25060" status="PASS">
          <params>
            <param index="0">
              <value>
                <![CDATA[linux]]>
              </value>
            </param>
            <param index="1">
              <value>
                <![CDATA[firefox]]>
              </value>
            </param>
          </params>
          <reporter-output>
          </reporter-output>
        </test-method> <!-- setUp -->
        <test-method signature="verify_account_registration()[pri:0, instance:testCases.TC001_AccountRegistrationTest@55f616cf]" started-at="2025-03-29T06:04:26 GMT-09:00" name="verify_account_registration" finished-at="2025-03-29T06:04:35 GMT-09:00" duration-ms="9155" status="PASS">
          <reporter-output>
          </reporter-output>
        </test-method> <!-- verify_account_registration -->
        <test-method is-config="true" signature="tearDown()[pri:0, instance:testCases.TC001_AccountRegistrationTest@55f616cf]" started-at="2025-03-29T06:04:35 GMT-09:00" name="tearDown" finished-at="2025-03-29T06:04:40 GMT-09:00" duration-ms="5040" status="PASS">
          <reporter-output>
          </reporter-output>
        </test-method> <!-- tearDown -->
      </class> <!-- testCases.TC001_AccountRegistrationTest -->
    </test> <!-- firefoxTest -->
  </suite> <!-- Suite -->
</testng-results>
